Date : 21-10-2020 10:44:09
Type : 8
Message : Undefined variable: bar
File : E:\m2i\festival\index.php
Line : 21
Date : 21-10-2020 10:44:09
Type : 8
Message : Undefined property: Home::$alert
File : E:\m2i\festival\src\view\header.php
Line : 41
Date : 21-10-2020 10:46:13
Type : 1
Message : Uncaught Error: Class 'toto' not found in E:\m2i\festival\index.php:20
Stack trace:
#0 {main}
  thrown
File : E:\m2i\festival\index.php
Line : 20
Date : 21-10-2020 10:47:45
Type : 1
Message : Uncaught Error: Class 'toto' not found in E:\m2i\festival\index.php:20
Stack trace:
#0 {main}
  thrown
File : E:\m2i\festival\index.php
Line : 20
Date : 21-10-2020 10:47:46
Type : 1
Message : Uncaught Error: Class 'toto' not found in E:\m2i\festival\index.php:20
Stack trace:
#0 {main}
  thrown
File : E:\m2i\festival\index.php
Line : 20
Date : 21-10-2020 10:48:10
Type : 1
Message : Uncaught Error: Class 'toto' not found in E:\m2i\festival\index.php:20
Stack trace:
#0 {main}
  thrown
File : E:\m2i\festival\index.php
Line : 20
